\BOOKMARK [1][-]{section.1}{Introduction}{}
\BOOKMARK [2][-]{subsection.1.1}{Installation}{section.1}
\BOOKMARK [1][-]{section.2}{The MultiSeq Graphical Environment}{}
\BOOKMARK [1][-]{section.3}{Using and Managing Data}{}
\BOOKMARK [2][-]{subsection.3.1}{Importing from files}{section.3}
\BOOKMARK [2][-]{subsection.3.2}{Sequences and BLAST searching}{section.3}
\BOOKMARK [1][-]{section.4}{Working in the Environment}{}
\BOOKMARK [2][-]{subsection.4.1}{Grouping}{section.4}
\BOOKMARK [2][-]{subsection.4.2}{Info Viewer}{section.4}
\BOOKMARK [2][-]{subsection.4.3}{Selecting vs. Marking}{section.4}
\BOOKMARK [1][-]{section.5}{Edit Menu}{}
\BOOKMARK [1][-]{section.6}{Search Menu}{}
\BOOKMARK [1][-]{section.7}{Tools Menu}{}
\BOOKMARK [2][-]{subsection.7.1}{Performing Alignments}{section.7}
\BOOKMARK [3][-]{subsubsection.7.1.1}{Structure Alignments}{subsection.7.1}
\BOOKMARK [3][-]{subsubsection.7.1.2}{Sequence Alignments}{subsection.7.1}
\BOOKMARK [2][-]{subsection.7.2}{Phylogenetic Tree}{section.7}
\BOOKMARK [2][-]{subsection.7.3}{Plot Data}{section.7}
\BOOKMARK [1][-]{section.8}{Options Menu}{}
\BOOKMARK [1][-]{section.9}{View Menu}{}
\BOOKMARK [1][-]{section.10}{Working With Sessions}{}
\BOOKMARK [2][-]{subsection.10.1}{Save Session}{section.10}
\BOOKMARK [2][-]{subsection.10.2}{Load Session}{section.10}
\BOOKMARK [1][-]{section.11}{Other Ways To Export Data}{}
\BOOKMARK [2][-]{subsection.11.1}{Save to PostScript}{section.11}
\BOOKMARK [1][-]{section.12}{Appendices}{}
\BOOKMARK [2][-]{subsection.12.1}{Appendix A: Q}{section.12}
\BOOKMARK [2][-]{subsection.12.2}{Appendix B: QH}{section.12}
