This is pdfTeX, Version 3.14159-1.10b (Web2C 7.4.5) (format=pdflatex 2007.11.30)  2 AUG 2009 00:51
**mseq_manual
(./mseq_manual.tex{/usr/local/share/texmf/pdftex/config/pdftex.cfg}
LaTeX2e <2001/06/01>
Babel <v3.7h> and hyphenation patterns for american, french, german, ngerman, n
ohyphenation, loaded.
(/usr/local/share/texmf/tex/latex/base/article.cls
Document Class: article 2001/04/21 v1.4e Standard LaTeX document class
(/usr/local/share/texmf/tex/latex/base/size10.clo
File: size10.clo 2001/04/21 v1.4e Standard LaTeX file (size option)
)
\c@part=\count79
\c@section=\count80
\c@subsection=\count81
\c@subsubsection=\count82
\c@paragraph=\count83
\c@subparagraph=\count84
\c@figure=\count85
\c@table=\count86
\abovecaptionskip=\skip41
\belowcaptionskip=\skip42
\bibindent=\dimen102
)
(/usr/local/share/texmf/tex/latex/graphics/graphicx.sty
Package: graphicx 1999/02/16 v1.0f Enhanced LaTeX Graphics (DPC,SPQR)

(/usr/local/share/texmf/tex/latex/graphics/keyval.sty
Package: keyval 1999/03/16 v1.13 key=value parser (DPC)
\KV@toks@=\toks14
)
(/usr/local/share/texmf/tex/latex/graphics/graphics.sty
Package: graphics 2001/07/07 v1.0n Standard LaTeX Graphics (DPC,SPQR)

(/usr/local/share/texmf/tex/latex/graphics/trig.sty
Package: trig 1999/03/16 v1.09 sin cos tan (DPC)
)
(/usr/local/share/texmf/tex/latex/config/graphics.cfg
File: graphics.cfg 2001/08/31 v1.1 graphics configuration of teTeX/TeXLive
)
Package graphics Info: Driver file: pdftex.def on input line 80.

(/usr/local/share/texmf/tex/latex/graphics/pdftex.def
File: pdftex.def 2002/06/19 v0.03k graphics/color for pdftex
\Gread@gobject=\count87
))
\Gin@req@height=\dimen103
\Gin@req@width=\dimen104
)
(/usr/local/share/texmf/tex/latex/misc/wrapfig.sty
\wrapoverhang=\dimen105
\WF@size=\dimen106
\c@WF@wrappedlines=\count88
\WF@box=\box26
\WF@everypar=\toks15
Package: wrapfig 2003/01/31  v 3.6
)
(/usr/local/share/texmf/tex/latex/misc/floatflt.sty
Package: floatflt 1997/07/16 v. 1.31
\c@OptionTest=\count89
\figbox=\box27
\tabbox=\box28
\pagebox=\box29
\ffigcount=\count90
\ftabcount=\count91
\fftest=\count92
\hangcount=\count93
\nosuccesstryfig=\count94
\nosuccesstrytab=\count95
\figgutter=\dimen107
\tabgutter=\dimen108
\htdone=\dimen109
\pageht=\dimen110
\startpageht=\dimen111
\tabbredd=\dimen112
\floatfltwidth=\dimen113
\fltitemwidth=\dimen114
\outputpretest=\toks16
)
(/usr/local/share/texmf/tex/latex/html/html.sty
(/usr/local/share/texmf/tex/latex/hyperref/hyperref.sty
Package: hyperref 2003/01/22 v6.73n Hypertext links for LaTeX
\@linkdim=\dimen115
\Hy@linkcounter=\count96
\Hy@pagecounter=\count97

(/usr/local/share/texmf/tex/latex/hyperref/pd1enc.def
File: pd1enc.def 2003/01/22 v6.73n Hyperref: PDFDocEncoding definition (HO)
)
(/usr/local/share/texmf/tex/latex/config/hyperref.cfg
File: hyperref.cfg 2002/06/06 v1.2 hyperref configuration of TeXLive and teTeX
)
Package hyperref Info: Hyper figures OFF on input line 1792.
Package hyperref Info: Link nesting OFF on input line 1797.
Package hyperref Info: Hyper index ON on input line 1800.
Package hyperref Info: Plain pages ON on input line 1805.
Package hyperref Info: Backreferencing OFF on input line 1812.

Implicit mode ON; LaTeX internals redefined
Package hyperref Info: Bookmarks ON on input line 1916.
(/usr/local/share/texmf/tex/latex/html/url.sty
Package: url 1999/03/02  ver 1.4  Verb mode for urls, email addresses, and file
 names
)
LaTeX Info: Redefining \url on input line 2055.
\Fld@menulength=\count98
\Field@Width=\dimen116
\Fld@charsize=\dimen117
\Choice@toks=\toks17
\Field@toks=\toks18
Package hyperref Info: Hyper figures OFF on input line 2513.
Package hyperref Info: Link nesting OFF on input line 2518.
Package hyperref Info: Hyper index ON on input line 2521.
Package hyperref Info: backreferencing OFF on input line 2528.
Package hyperref Info: Link coloring OFF on input line 2533.
\c@Item=\count99
\c@Hfootnote=\count100
)
*hyperref using default driver hpdftex*
(/usr/local/share/texmf/tex/latex/hyperref/hpdftex.def
File: hpdftex.def 2003/01/22 v6.73n Hyperref driver for pdfTeX

(/usr/local/share/texmf/tex/latex/psnfss/pifont.sty
Package: pifont 2002/09/08 PSNFSS-v9.0a Pi font support (SPQR) 
LaTeX Font Info:    Try loading font information for U+pzd on input line 62.

(/usr/local/share/texmf/tex/latex/psnfss/upzd.fd
File: upzd.fd 2001/06/04 font definitions for U/pzd.
)
LaTeX Font Info:    Try loading font information for U+psy on input line 63.

(/usr/local/share/texmf/tex/latex/psnfss/upsy.fd
File: upsy.fd 2001/06/04 font definitions for U/psy.
))
\Fld@listcount=\count101
\@outlinefile=\write3
)
Package: html 1999/07/19 v1.38 hypertext commands for latex2html (nd, hws, rrm)

\c@lpart=\count102
\c@lchapter=\count103
\c@chapter=\count104
\c@lsection=\count105
\c@lsubsection=\count106
\c@lsubsubsection=\count107
\c@lparagraph=\count108
\c@lsubparagraph=\count109
\c@lsubsubparagraph=\count110
\ptrfile=\write4
) (./mseq_manual.aux)
\openout1 = `mseq_manual.aux'.

LaTeX Font Info:    Checking defaults for OML/cmm/m/it on input line 6.
LaTeX Font Info:    ... okay on input line 6.
LaTeX Font Info:    Checking defaults for T1/cmr/m/n on input line 6.
LaTeX Font Info:    ... okay on input line 6.
LaTeX Font Info:    Checking defaults for OT1/cmr/m/n on input line 6.
LaTeX Font Info:    ... okay on input line 6.
LaTeX Font Info:    Checking defaults for OMS/cmsy/m/n on input line 6.
LaTeX Font Info:    ... okay on input line 6.
LaTeX Font Info:    Checking defaults for OMX/cmex/m/n on input line 6.
LaTeX Font Info:    ... okay on input line 6.
LaTeX Font Info:    Checking defaults for U/cmr/m/n on input line 6.
LaTeX Font Info:    ... okay on input line 6.
LaTeX Font Info:    Checking defaults for PD1/pdf/m/n on input line 6.
LaTeX Font Info:    ... okay on input line 6.

(/usr/local/share/texmf/tex/context/base/supp-pdf.tex
(/usr/local/share/texmf/tex/context/base/supp-mis.tex
loading : Context Support Macros / Missing
\protectiondepth=\count111
\scratchcounter=\count112
\scratchtoks=\toks19
\scratchdimen=\dimen118
\scratchskip=\skip43
\scratchmuskip=\muskip10
\scratchbox=\box30
\scratchread=\read1
\scratchwrite=\write5
\zeropoint=\dimen119
\minusone=\count113
\thousandpoint=\dimen120
\emptytoks=\toks20
\nextbox=\box31
\nextdepth=\dimen121
\everyline=\toks21
\!!counta=\count114
\!!countb=\count115
\recursecounter=\count116
)
loading : Context Support Macros / PDF
\nofMPsegments=\count117
\nofMParguments=\count118
\everyMPtoPDFconversion=\toks22
)
Package hyperref Info: Link coloring OFF on input line 6.
 (/usr/local/share/texmf/tex/latex/hyperref/nameref.sty
Package: nameref 2001/01/27 v2.19 Cross-referencing by name of section
\c@section@level=\count119
)
LaTeX Info: Redefining \ref on input line 6.
LaTeX Info: Redefining \pageref on input line 6.
 (./mseq_manual.out)
(./mseq_manual.out)
\openout3 = `mseq_manual.out'.

 (./intro.tex
<./pictures/fullDisplay.jpg, id=119, 3212.0pt x 1204.5pt>
File: ./pictures/fullDisplay.jpg Graphic file (type jpg)

<use ./pictures/fullDisplay.jpg>
LaTeX Font Info:    External font `cmex10' loaded for size
(Font)              <7> on input line 25.
LaTeX Font Info:    External font `cmex10' loaded for size
(Font)              <5> on input line 25.
LaTeX Font Info:    External font `cmex10' loaded for size
(Font)              <8> on input line 27.
LaTeX Font Info:    External font `cmex10' loaded for size
(Font)              <6> on input line 27.
 [1{/usr/local/share/texmf/dvips/config/pdftex.map}

 <./pictures/fullDisplay.jpg>]) (./mainWindow.tex
<./pictures/main_window.jpg, id=158, 385.95256pt x 261.69347pt>
File: ./pictures/main_window.jpg Graphic file (type jpg)

<use ./pictures/main_window.jpg>

LaTeX Warning: `h' float specifier changed to `ht'.

) (./data.tex <./pictures/import_data.jpg, id=159, 419.78107pt x 295.92664pt>
File: ./pictures/import_data.jpg Graphic file (type jpg)

<use ./pictures/import_data.jpg>

LaTeX Warning: `h' float specifier changed to `ht'.

[2]
Underfull \hbox (badness 10000) in paragraph at lines 52--55

 []

[3 <./pictures/main_window.jpg>]
<./pictures/BLAST_results.jpg, id=187, 517.42244pt x 482.30716pt>
File: ./pictures/BLAST_results.jpg Graphic file (type jpg)

<use ./pictures/BLAST_results.jpg>

LaTeX Warning: `h' float specifier changed to `ht'.

[4 <./pictures/import_data.jpg>]) (./workingEnviron.tex [5 <./pictures/BLAST_re
sults.jpg>] <./pictures/editSeqInfo.jpg, id=204, 276.00989pt x 454.92064pt>
File: ./pictures/editSeqInfo.jpg Graphic file (type jpg)

<use ./pictures/editSeqInfo.jpg>

LaTeX Warning: `h' float specifier changed to `ht'.

) (./editMenu.tex) (./searchMenu.tex [6]
<./pictures/select_contactshells.jpg, id=211, 254.48267pt x 181.05537pt>
File: ./pictures/select_contactshells.jpg Graphic file (type jpg)

<use ./pictures/select_contactshells.jpg>

LaTeX Warning: `h' float specifier changed to `ht'.

[7 <./pictures/editSeqInfo.jpg>]
Overfull \hbox (66.3105pt too wide) in paragraph at lines 26--28
[]
 []

<./pictures/select_nrset.jpg, id=222, 251.40733pt x 331.68126pt>
File: ./pictures/select_nrset.jpg Graphic file (type jpg)

<use ./pictures/select_nrset.jpg>

LaTeX Warning: `h' float specifier changed to `ht'.

<./pictures/select_residues.jpg, id=223, 244.48787pt x 167.3621pt>
File: ./pictures/select_residues.jpg Graphic file (type jpg)

<use ./pictures/select_residues.jpg>

LaTeX Warning: `h' float specifier changed to `ht'.

[8 <./pictures/select_contactshells.jpg>]) (./toolsMenu.tex (./alignment.tex
<./pictures/stamp.jpg, id=232, 265.24628pt x 290.60147pt>
File: ./pictures/stamp.jpg Graphic file (type jpg)

<use ./pictures/stamp.jpg> [9 <./pictures/select_nrset.jpg>]

LaTeX Warning: `h' float specifier changed to `ht'.

[10 <./pictures/select_residues.jpg>]
<./pictures/clustalw1.jpg, id=241, 224.49829pt x 362.11073pt>
File: ./pictures/clustalw1.jpg Graphic file (type jpg)

<use ./pictures/clustalw1.jpg>

LaTeX Warning: `h' float specifier changed to `ht'.

) (./phyloTree.tex <./pictures/ptree1.jpg, id=242, 367.50064pt x 244.95726pt>
File: ./pictures/ptree1.jpg Graphic file (type jpg)

<use ./pictures/ptree1.jpg>
Underfull \hbox (badness 10000) in paragraph at lines 6--22

 []

[11 <./pictures/stamp.jpg>]

LaTeX Warning: `h' float specifier changed to `ht'.

<./pictures/ptreeView.jpg, id=248, 563.55223pt x 477.74274pt>
File: ./pictures/ptreeView.jpg Graphic file (type jpg)

<use ./pictures/ptreeView.jpg>

LaTeX Warning: `h' float specifier changed to `ht'.

[12 <./pictures/clustalw1.jpg>]
Overfull \hbox (0.22043pt too wide) in paragraph at lines 42--45
[]/cmr10/Trees can be loaded and saved in com-mon for-mats. Ad-di-tion-ally, po
stscript
 []

) (./plotData.tex <./pictures/multiPlot.jpg, id=259, 784.97522pt x 609.3502pt>
File: ./pictures/multiPlot.jpg Graphic file (type jpg)

<use ./pictures/multiPlot.jpg>

LaTeX Warning: `h' float specifier changed to `ht'.

)) (./optionsMenu.tex [13 <./pictures/ptree1.jpg>]) (./viewMenu.tex [14 <./pict
ures/ptreeView.jpg>] [15 <./pictures/multiPlot.jpg>]
<./pictures/zoomWindow.jpg, id=284, 1103.27075pt x 198.55232pt>
File: ./pictures/zoomWindow.jpg Graphic file (type jpg)

<use ./pictures/zoomWindow.jpg>) (./savingData.tex [16 <./pictures/zoomWindow.j
pg>]) (./appendix.tex
LaTeX Font Info:    External font `cmex10' loaded for size
(Font)              <12> on input line 6.


Package hyperref Warning: Token not allowed in a PDFDocEncoded string,
(hyperref)                removing `math shift' on input line 6.


Package hyperref Warning: Token not allowed in a PDFDocEncoded string,
(hyperref)                removing `math shift' on input line 6.


Overfull \hbox (11.80624pt too wide) in paragraph at lines 7--10
/cmr10/The fol-low-ing equa-tion is from the ar-ti-cle ``Eval-u-a-tiong pro-tei
n structure-prediction
 []


Underfull \hbox (badness 10000) in paragraph at lines 16--26

 []


Underfull \hbox (badness 10000) in paragraph at lines 16--26

 []


Underfull \hbox (badness 10000) in paragraph at lines 16--26

 []

[17]

Package hyperref Warning: Token not allowed in a PDFDocEncoded string,
(hyperref)                removing `math shift' on input line 29.


Package hyperref Warning: Token not allowed in a PDFDocEncoded string,
(hyperref)                removing `subscript' on input line 29.


Package hyperref Warning: Token not allowed in a PDFDocEncoded string,
(hyperref)                removing `math shift' on input line 29.


Underfull \hbox (badness 10000) in paragraph at lines 30--33

 []

[18]) [19] (./mseq_manual.aux) ) 
Here is how much of TeX's memory you used:
 3137 strings out of 95437
 42171 string characters out of 1189860
 94479 words of memory out of 1000001
 5995 multiletter control sequences out of 10000+50000
 9458 words of font info for 33 fonts, out of 500000 for 1000
 14 hyphenation exceptions out of 1000
 34i,11n,39p,409b,384s stack positions out of 1500i,500n,5000p,200000b,5000s
 322 PDF objects out of 300000
 82 named destinations out of 131072
 282 words of extra memory for PDF output out of 65536
{/usr/local/share/texmf/dvips/tetex/aae443f0.en
c}</usr/local/share/texmf/fonts/type1/bluesky/cm/cmmi5.pfb>{/usr/local/share/te
xmf/dvips/tetex/bbad153f.enc}</usr/local/share/texmf/fonts/type1/bluesky/cm/cms
y5.pfb></usr/local/share/texmf/fonts/type1/bluesky/cm/cmmi8.pfb></usr/local/sha
re/texmf/fonts/type1/bluesky/cm/cmsy7.pfb></usr/local/share/texmf/fonts/type1/b
luesky/cm/cmex10.pfb></usr/local/share/texmf/fonts/type1/bluesky/cm/cmmi12.pfb>
{/usr/local/share/texmf/dvips/tetex/74afc74c.enc}</usr/local/share/texmf/fonts/
type1/bluesky/cm/cmti10.pfb>{/usr/local/share/texmf/dvips/tetex/f7b6d320.enc}</
usr/local/share/texmf/fonts/type1/bluesky/cm/cmbx10.pfb></usr/local/share/texmf
/fonts/type1/bluesky/cm/cmsy10.pfb></usr/local/share/texmf/fonts/type1/bluesky/
cm/cmss10.pfb></usr/local/share/texmf/fonts/type1/bluesky/cm/cmr8.pfb></usr/loc
al/share/texmf/fonts/type1/bluesky/cm/cmr6.pfb>{/usr/local/share/texmf/dvips/te
tex/09fbbfac.enc}</usr/local/share/texmf/fonts/type1/bluesky/cm/cmtt10.pfb></us
r/local/share/texmf/fonts/type1/bluesky/cm/cmmi7.pfb></usr/local/share/texmf/fo
nts/type1/bluesky/cm/cmmi10.pfb></usr/local/share/texmf/fonts/type1/bluesky/cm/
cmr7.pfb></usr/local/share/texmf/fonts/type1/bluesky/cm/cmbx12.pfb></usr/local/
share/texmf/fonts/type1/bluesky/cm/cmr10.pfb></usr/local/share/texmf/fonts/type
1/bluesky/cm/cmsl10.pfb>
Output written on mseq_manual.pdf (19 pages, 1427114 bytes).
